# JRE version: OpenJDK Runtime Environment (21.0.6) (build 21.0.6+-13391695-b895.109)
# Java VM: OpenJDK 64-Bit Server VM (21.0.6+-13391695-b895.109, mixed mode, tiered, compressed oops, compressed class ptrs, g1 gc, windows-amd64)
GC Precious Log:
 CardTable entry size: 512
 Card Set container configuration: InlinePtr #cards 5 size 8 Array Of Cards #cards 12 size 40 Howl #buckets 4 coarsen threshold 1843 Howl Bitmap #cards 512 size 80 coarsen threshold 460 Card regions per heap region 1 cards per card region 2048
 CPUs: 12 total, 12 available
 Memory: 15764M
 Large Page Support: Disabled
 NUMA Support: Disabled
 Compressed Oops: Enabled (32-bit)
 Heap Region Size: 1M
 Heap Min Capacity: 8M
 Heap Initial Capacity: 248M
 Heap Max Capacity: 2G
 Pre-touch: Disabled
 Parallel Workers: 10
 Concurrent Workers: 3
 Concurrent Refinement Workers: 10
 Periodic GC: Disabled
Heap:
 garbage-first heap   total 143360K, used 73774K [0x0000000080000000, 0x0000000100000000)
  region size 1024K, 8 young (8192K), 2 survivors (2048K)
 Metaspace       used 69123K, committed 70912K, reserved 1114112K
  class space    used 9329K, committed 10176K, reserved 1048576K
GC Heap History (20 events):
Event: 4.547 GC heap before
{Heap before GC invocations=13 (full 0):
 garbage-first heap   total 91136K, used 75189K [0x0000000080000000, 0x0000000100000000)
  region size 1024K, 45 young (46080K), 4 survivors (4096K)
 Metaspace       used 55052K, committed 56512K, reserved 1114112K
  class space    used 7469K, committed 8192K, reserved 1048576K
}
Event: 4.550 GC heap after
{Heap after GC invocations=14 (full 0):
 garbage-first heap   total 91136K, used 37512K [0x0000000080000000, 0x0000000100000000)
  region size 1024K, 6 young (6144K), 6 survivors (6144K)
 Metaspace       used 55052K, committed 56512K, reserved 1114112K
  class space    used 7469K, committed 8192K, reserved 1048576K
}
Event: 4.945 GC heap before
{Heap before GC invocations=14 (full 0):
 garbage-first heap   total 91136K, used 77448K [0x0000000080000000, 0x0000000100000000)
  region size 1024K, 45 young (46080K), 6 survivors (6144K)
 Metaspace       used 57712K, committed 59264K, reserved 1114112K
  class space    used 7866K, committed 8640K, reserved 1048576K
}
Event: 4.949 GC heap after
{Heap after GC invocations=15 (full 0):
 garbage-first heap   total 91136K, used 42799K [0x0000000080000000, 0x0000000100000000)
  region size 1024K, 5 young (5120K), 5 survivors (5120K)
 Metaspace       used 57712K, committed 59264K, reserved 1114112K
  class space    used 7866K, committed 8640K, reserved 1048576K
}
Event: 5.000 GC heap before
{Heap before GC invocations=15 (full 0):
 garbage-first heap   total 91136K, used 47919K [0x0000000080000000, 0x0000000100000000)
  region size 1024K, 11 young (11264K), 5 survivors (5120K)
 Metaspace       used 58758K, committed 60288K, reserved 1114112K
  class space    used 8025K, committed 8768K, reserved 1048576K
}
Event: 5.003 GC heap after
{Heap after GC invocations=16 (full 0):
 garbage-first heap   total 91136K, used 43716K [0x0000000080000000, 0x0000000100000000)
  region size 1024K, 1 young (1024K), 1 survivors (1024K)
 Metaspace       used 58758K, committed 60288K, reserved 1114112K
  class space    used 8025K, committed 8768K, reserved 1048576K
}
Event: 5.349 GC heap before
{Heap before GC invocations=17 (full 0):
 garbage-first heap   total 91136K, used 80580K [0x0000000080000000, 0x0000000100000000)
  region size 1024K, 35 young (35840K), 1 survivors (1024K)
 Metaspace       used 63620K, committed 65344K, reserved 1114112K
  class space    used 8654K, committed 9536K, reserved 1048576K
}
Event: 5.351 GC heap after
{Heap after GC invocations=18 (full 0):
 garbage-first heap   total 91136K, used 44769K [0x0000000080000000, 0x0000000100000000)
  region size 1024K, 3 young (3072K), 3 survivors (3072K)
 Metaspace       used 63620K, committed 65344K, reserved 1114112K
  class space    used 8654K, committed 9536K, reserved 1048576K
}
Event: 5.744 GC heap before
{Heap before GC invocations=18 (full 0):
 garbage-first heap   total 91136K, used 79585K [0x0000000080000000, 0x0000000100000000)
  region size 1024K, 37 young (37888K), 3 survivors (3072K)
 Metaspace       used 66862K, committed 68608K, reserved 1114112K
  class space    used 9137K, committed 9984K, reserved 1048576K
}
Event: 5.748 GC heap after
{Heap after GC invocations=19 (full 0):
 garbage-first heap   total 91136K, used 48150K [0x0000000080000000, 0x0000000100000000)
  region size 1024K, 5 young (5120K), 5 survivors (5120K)
 Metaspace       used 66862K, committed 68608K, reserved 1114112K
  class space    used 9137K, committed 9984K, reserved 1048576K
}
Event: 5.914 GC heap before
{Heap before GC invocations=19 (full 0):
 garbage-first heap   total 91136K, used 78870K [0x0000000080000000, 0x0000000100000000)
  region size 1024K, 36 young (36864K), 5 survivors (5120K)
 Metaspace       used 67330K, committed 69120K, reserved 1114112K
  class space    used 9156K, committed 10048K, reserved 1048576K
}
Event: 5.918 GC heap after
{Heap after GC invocations=20 (full 0):
 garbage-first heap   total 91136K, used 52450K [0x0000000080000000, 0x0000000100000000)
  region size 1024K, 5 young (5120K), 5 survivors (5120K)
 Metaspace       used 67330K, committed 69120K, reserved 1114112K
  class space    used 9156K, committed 10048K, reserved 1048576K
}
Event: 6.003 GC heap before
{Heap before GC invocations=21 (full 0):
 garbage-first heap   total 91136K, used 78050K [0x0000000080000000, 0x0000000100000000)
  region size 1024K, 31 young (31744K), 5 survivors (5120K)
 Metaspace       used 67504K, committed 69248K, reserved 1114112K
  class space    used 9156K, committed 10048K, reserved 1048576K
}
Event: 6.006 GC heap after
{Heap after GC invocations=22 (full 0):
 garbage-first heap   total 91136K, used 53721K [0x0000000080000000, 0x0000000100000000)
  region size 1024K, 4 young (4096K), 4 survivors (4096K)
 Metaspace       used 67504K, committed 69248K, reserved 1114112K
  class space    used 9156K, committed 10048K, reserved 1048576K
}
Event: 6.080 GC heap before
{Heap before GC invocations=22 (full 0):
 garbage-first heap   total 91136K, used 79321K [0x0000000080000000, 0x0000000100000000)
  region size 1024K, 30 young (30720K), 4 survivors (4096K)
 Metaspace       used 67690K, committed 69504K, reserved 1114112K
  class space    used 9156K, committed 10048K, reserved 1048576K
}
Event: 6.083 GC heap after
{Heap after GC invocations=23 (full 0):
 garbage-first heap   total 143360K, used 53970K [0x0000000080000000, 0x0000000100000000)
  region size 1024K, 4 young (4096K), 4 survivors (4096K)
 Metaspace       used 67690K, committed 69504K, reserved 1114112K
  class space    used 9156K, committed 10048K, reserved 1048576K
}
Event: 6.309 GC heap before
{Heap before GC invocations=23 (full 0):
 garbage-first heap   total 143360K, used 107218K [0x0000000080000000, 0x0000000100000000)
  region size 1024K, 53 young (54272K), 4 survivors (4096K)
 Metaspace       used 67982K, committed 69824K, reserved 1114112K
  class space    used 9200K, committed 10112K, reserved 1048576K
}
Event: 6.313 GC heap after
{Heap after GC invocations=24 (full 0):
 garbage-first heap   total 143360K, used 64407K [0x0000000080000000, 0x0000000100000000)
  region size 1024K, 9 young (9216K), 9 survivors (9216K)
 Metaspace       used 67982K, committed 69824K, reserved 1114112K
  class space    used 9200K, committed 10112K, reserved 1048576K
}
Event: 6.450 GC heap before
{Heap before GC invocations=24 (full 0):
 garbage-first heap   total 143360K, used 74647K [0x0000000080000000, 0x0000000100000000)
  region size 1024K, 20 young (20480K), 9 survivors (9216K)
 Metaspace       used 68700K, committed 70528K, reserved 1114112K
  class space    used 9267K, committed 10176K, reserved 1048576K
}
Event: 6.453 GC heap after
{Heap after GC invocations=25 (full 0):
 garbage-first heap   total 143360K, used 67630K [0x0000000080000000, 0x0000000100000000)
  region size 1024K, 2 young (2048K), 2 survivors (2048K)
 Metaspace       used 68700K, committed 70528K, reserved 1114112K
  class space    used 9267K, committed 10176K, reserved 1048576K
}

